<?xml version="1.0" encoding="UTF-8"?>
<testsuite xmlns:xsi="http://www.w3.org/2001/XMLSchema-instance" xsi:noNamespaceSchemaLocation="https://maven.apache.org/surefire/maven-surefire-plugin/xsd/surefire-test-report-3.0.xsd" version="3.0" name="com.example.flowable.ProcessControllerIntegrationTest" time="3.864" tests="1" errors="0" skipped="0" failures="0">
  <properties>
[...]
</properties>
  <testcase name="startProcessAndListTasks" classname="com.example.flowable.ProcessControllerIntegrationTest" time="0.627">
    <system-out><![CDATA[22:33:59.354 [main] INFO org.springframework.test.context.support.AnnotationConfigContextLoaderUtils -- Could not detect default configuration classes for test class [com.example.flowable.ProcessControllerIntegrationTest]: ProcessControllerIntegrationTest does not declare any static, non-private, non-final, nested classes annotated with @Configuration.
22:33:59.419 [main] INFO org.springframework.boot.test.context.SpringBootTestContextBootstrapper -- Found @SpringBootConfiguration com.example.flowable.Application for test class com.example.flowable.ProcessControllerIntegrationTest

  .   ____          _            __ _ _
 /\\ / ___'_ __ _ _(_)_ __  __ _ \ \ \ \
( ( )\___ | '_ | '_| | '_ \/ _` | \ \ \ \
 \\/  ___)| |_)| | | | | || (_| |  ) ) ) )
  '  |____| .__|_| |_|_| |_\__, | / / / /
 =========|_|==============|___/=/_/_/_/
 :: Spring Boot ::               (v3.2.12)

2025-12-16T22:33:59.674+07:00  INFO 254314 --- [           main] c.e.f.ProcessControllerIntegrationTest   : Starting ProcessControllerIntegrationTest using Java 21.0.9 with PID 254314 (started by ducnm in /home/ducnm/projects/java/Flowable7Server)
2025-12-16T22:33:59.675+07:00  INFO 254314 --- [           main] c.e.f.ProcessControllerIntegrationTest   : No active profile set, falling back to 1 default profile: "default"
2025-12-16T22:34:00.459+07:00  INFO 254314 --- [           main] o.s.b.w.embedded.tomcat.TomcatWebServer  : Tomcat initialized with port 0 (http)
2025-12-16T22:34:00.467+07:00  INFO 254314 --- [           main] o.apache.catalina.core.StandardService   : Starting service [Tomcat]
2025-12-16T22:34:00.467+07:00  INFO 254314 --- [           main] o.apache.catalina.core.StandardEngine    : Starting Servlet engine: [Apache Tomcat/10.1.33]
2025-12-16T22:34:00.494+07:00  INFO 254314 --- [           main] o.a.c.c.C.[Tomcat].[localhost].[/]       : Initializing Spring embedded WebApplicationContext
2025-12-16T22:34:00.495+07:00  INFO 254314 --- [           main] w.s.c.ServletWebServerApplicationContext : Root WebApplicationContext: initialization completed in 812 ms
2025-12-16T22:34:00.648+07:00  INFO 254314 --- [           main] o.f.s.b.e.EventRegistryAutoConfiguration : No deployment resources were found for autodeployment
2025-12-16T22:34:00.791+07:00  INFO 254314 --- [           main] o.f.c.e.i.a.DefaultAsyncTaskExecutor     : Creating thread pool queue of size 100
2025-12-16T22:34:00.794+07:00  INFO 254314 --- [           main] o.f.c.e.i.a.DefaultAsyncTaskExecutor     : Creating thread factory with naming pattern flowable-async-task-invoker-%d
2025-12-16T22:34:00.795+07:00  INFO 254314 --- [           main] o.f.c.e.i.a.DefaultAsyncTaskExecutor     : Creating executor service with corePoolSize 8, maxPoolSize 8 and keepAliveTime 5000
2025-12-16T22:34:00.857+07:00  INFO 254314 --- [           main] o.f.s.SpringProcessEngineConfiguration   : Found 2 Engine Configurators in total:
2025-12-16T22:34:00.857+07:00  INFO 254314 --- [           main] o.f.s.SpringProcessEngineConfiguration   : class org.flowable.eventregistry.spring.configurator.SpringEventRegistryConfigurator (priority:100000)
2025-12-16T22:34:00.857+07:00  INFO 254314 --- [           main] o.f.s.SpringProcessEngineConfiguration   : class org.flowable.idm.engine.configurator.IdmEngineConfigurator (priority:150000)
2025-12-16T22:34:00.858+07:00  INFO 254314 --- [           main] o.f.s.SpringProcessEngineConfiguration   : Executing beforeInit() of class org.flowable.eventregistry.spring.configurator.SpringEventRegistryConfigurator (priority:100000)
2025-12-16T22:34:00.894+07:00  INFO 254314 --- [           main] o.f.s.SpringProcessEngineConfiguration   : Executing beforeInit() of class org.flowable.idm.engine.configurator.IdmEngineConfigurator (priority:150000)
2025-12-16T22:34:00.919+07:00  INFO 254314 --- [           main] com.zaxxer.hikari.HikariDataSource       : HikariPool-1 - Starting...
2025-12-16T22:34:01.029+07:00  INFO 254314 --- [           main] com.zaxxer.hikari.pool.HikariPool        : HikariPool-1 - Added connection conn0: url=jdbc:h2:mem:testdb user=SA
2025-12-16T22:34:01.030+07:00  INFO 254314 --- [           main] com.zaxxer.hikari.HikariDataSource       : HikariPool-1 - Start completed.
2025-12-16T22:34:01.691+07:00  INFO 254314 --- [           main] o.f.s.SpringProcessEngineConfiguration   : Executing configure() of class org.flowable.eventregistry.spring.configurator.SpringEventRegistryConfigurator (priority:100000)
2025-12-16T22:34:01.698+07:00  INFO 254314 --- [           main] o.f.e.impl.EventRegistryEngineImpl       : EventRegistryEngine default created
2025-12-16T22:34:01.698+07:00  INFO 254314 --- [           main] o.f.s.SpringProcessEngineConfiguration   : Executing configure() of class org.flowable.idm.engine.configurator.IdmEngineConfigurator (priority:150000)
2025-12-16T22:34:01.703+07:00  INFO 254314 --- [           main] o.f.idm.engine.impl.IdmEngineImpl        : IdmEngine default created
2025-12-16T22:34:01.719+07:00  INFO 254314 --- [           main] o.f.c.e.impl.db.CommonDbSchemaManager    : performing create on common with resource org/flowable/common/db/create/flowable.h2.create.common.sql
2025-12-16T22:34:01.792+07:00  INFO 254314 --- [           main] o.f.e.impl.db.ProcessDbSchemaManager     : performing create on engine with resource org/flowable/db/create/flowable.h2.create.engine.sql
2025-12-16T22:34:01.830+07:00  INFO 254314 --- [           main] o.f.e.impl.db.ProcessDbSchemaManager     : performing create on history with resource org/flowable/db/create/flowable.h2.create.history.sql
2025-12-16T22:34:01.835+07:00  INFO 254314 --- [           main] o.f.i.engine.impl.db.IdmDbSchemaManager  : performing create on identity with resource org/flowable/idm/db/create/flowable.h2.create.identity.sql
2025-12-16T22:34:01.840+07:00  INFO 254314 --- [           main] o.f.e.impl.db.EventDbSchemaManager       : performing create on eventregistry with resource org/flowable/eventregistry/db/create/flowable.h2.create.eventregistry.sql
2025-12-16T22:34:01.842+07:00  INFO 254314 --- [           main] o.f.engine.impl.ProcessEngineImpl        : ProcessEngine default created
2025-12-16T22:34:01.874+07:00  INFO 254314 --- [           main] o.f.e.impl.cmd.ValidateV5EntitiesCmd     : Total of v5 deployments found: 0
2025-12-16T22:34:02.196+07:00  INFO 254314 --- [           main] o.s.b.a.e.web.EndpointLinksResolver      : Exposing 3 endpoint(s) beneath base path '/actuator'
2025-12-16T22:34:02.276+07:00  INFO 254314 --- [           main] o.f.j.s.i.a.AbstractAsyncExecutor        : Starting up the async job executor [org.flowable.spring.job.service.SpringAsyncExecutor] for engine bpmn
2025-12-16T22:34:02.284+07:00  INFO 254314 --- [       Thread-4] o.f.j.s.i.a.ResetExpiredJobsRunnable     : starting to reset expired jobs for engine bpmn
2025-12-16T22:34:02.285+07:00  INFO 254314 --- [           main] o.f.s.c.DefaultAutoDeploymentStrategy    : Deploying resources [file [/home/ducnm/projects/java/Flowable7Server/target/test-classes/processes/simple-process.bpmn20.xml]] for engine org.flowable.engine.impl.ProcessEngineImpl@68dbe225 deployment name hint SpringBootAutoDeployment
2025-12-16T22:34:02.285+07:00  INFO 254314 --- [       Thread-3] o.f.j.s.i.a.AcquireTimerJobsRunnable     : starting to acquire async jobs due for engine bpmn
2025-12-16T22:34:02.285+07:00  INFO 254314 --- [       Thread-2] o.f.j.s.i.a.AcquireAsyncJobsDueRunnable  : starting to acquire async jobs due for engine bpmn
2025-12-16T22:34:02.413+07:00  INFO 254314 --- [           main] o.s.b.w.embedded.tomcat.TomcatWebServer  : Tomcat started on port 34557 (http) with context path ''
2025-12-16T22:34:02.423+07:00  INFO 254314 --- [           main] c.e.f.ProcessControllerIntegrationTest   : Started ProcessControllerIntegrationTest in 2.934 seconds (process running for 3.566)
Started sample process 'simpleProcess'
2025-12-16T22:34:03.034+07:00  INFO 254314 --- [o-auto-1-exec-1] o.a.c.c.C.[Tomcat].[localhost].[/]       : Initializing Spring DispatcherServlet 'dispatcherServlet'
2025-12-16T22:34:03.034+07:00  INFO 254314 --- [o-auto-1-exec-1] o.s.web.servlet.DispatcherServlet        : Initializing Servlet 'dispatcherServlet'
2025-12-16T22:34:03.035+07:00  INFO 254314 --- [o-auto-1-exec-1] o.s.web.servlet.DispatcherServlet        : Completed initialization in 1 ms
]]></system-out>
    <system-err><![CDATA[WARNING: A Java agent has been loaded dynamically (/home/ducnm/.m2/repository/net/bytebuddy/byte-buddy-agent/1.14.19/byte-buddy-agent-1.14.19.jar)
WARNING: If a serviceability tool is in use, please run with -XX:+EnableDynamicAgentLoading to hide this warning
WARNING: If a serviceability tool is not in use, please run with -Djdk.instrument.traceUsage for more information
WARNING: Dynamic loading of agents will be disallowed by default in a future release
]]></system-err>
  </testcase>
</testsuite>